<?xml version="1.0" encoding="UTF-8"?>
<!-- Generated by org.testng.reporters.JUnitReportReporter -->
<testsuite hostname="DESKTOP-PAEEKNG" failures="0" tests="2" name="ResetPassword.ResetPasswordTest" time="4.385" errors="0" timestamp="2020-11-01T12:13:00 TRT" skipped="0">
  <testcase classname="ResetPassword.ResetPasswordTest" name="SuccesEmailResetPasswordTest" time="2.202"/>
  <system-out/>
  <testcase classname="ResetPassword.ResetPasswordTest" name="SuccesPhoneResetPasswordTest" time="2.183"/>
  <system-out/>
</testsuite> <!-- ResetPassword.ResetPasswordTest -->
