<?xml version="1.0" encoding="UTF-8"?>
<!-- Generated by org.testng.reporters.JUnitReportReporter -->
<testsuite hostname="DESKTOP-PAEEKNG" failures="0" tests="2" name="ResetPassword.ResetPasswordTest" time="0.701" errors="0" timestamp="2020-10-20T23:23:37 TRT" skipped="0">
  <testcase classname="ResetPassword.ResetPasswordTest" name="SuccesPhoneResetPasswordTest" time="0.442"/>
  <system-out/>
  <testcase classname="ResetPassword.ResetPasswordTest" name="SuccesEmailResetPasswordTest" time="0.259"/>
  <system-out/>
</testsuite> <!-- ResetPassword.ResetPasswordTest -->
