<?xml version="1.0" encoding="UTF-8"?>
<!-- Generated by org.testng.reporters.JUnitReportReporter -->
<testsuite hostname="DESKTOP-PAEEKNG" failures="0" tests="2" name="ResetPassword.ResetPasswordTest" time="0.700" errors="0" timestamp="2020-11-10T18:49:23 TRT" skipped="0">
  <testcase classname="ResetPassword.ResetPasswordTest" name="SuccesEmailResetPasswordTest" time="0.207"/>
  <system-out/>
  <testcase classname="ResetPassword.ResetPasswordTest" name="SuccesPhoneResetPasswordTest" time="0.493"/>
  <system-out/>
</testsuite> <!-- ResetPassword.ResetPasswordTest -->
