<?xml version="1.0" encoding="UTF-8"?>
<!-- Generated by org.testng.reporters.JUnitReportReporter -->
<testsuite hostname="DESKTOP-PAEEKNG" failures="0" tests="1" name="EdtiProfile.EditProfilTest" time="24.432" errors="0" timestamp="2020-11-10T20:38:38 TRT" skipped="0">
  <testcase classname="EdtiProfile.EditProfilTest" name="TestSuccesEditProfileMale" time="24.432"/>
  <system-out/>
</testsuite> <!-- EdtiProfile.EditProfilTest -->
