<?xml version="1.0" encoding="UTF-8"?>
<!-- Generated by org.testng.reporters.JUnitReportReporter -->
<testsuite hostname="DESKTOP-PAEEKNG" failures="0" tests="1" name="Experiences.Skill" time="1.048" errors="0" timestamp="2020-11-13T13:14:01 TRT" skipped="0">
  <testcase classname="Experiences.Skill" name="SkillTest" time="1.048"/>
  <system-out/>
</testsuite> <!-- Experiences.Skill -->
