<?xml version="1.0" encoding="UTF-8"?>
<!-- Generated by org.testng.reporters.JUnitReportReporter -->
<testsuite hostname="DESKTOP-PAEEKNG" failures="0" tests="2" name="ResetPassword.ResetPasswordTest" time="0.667" errors="0" timestamp="2020-10-28T14:11:19 TRT" skipped="0">
  <testcase classname="ResetPassword.ResetPasswordTest" name="SuccesEmailResetPasswordTest" time="0.233"/>
  <system-out/>
  <testcase classname="ResetPassword.ResetPasswordTest" name="SuccesPhoneResetPasswordTest" time="0.434"/>
  <system-out/>
</testsuite> <!-- ResetPassword.ResetPasswordTest -->
