<?xml version="1.0" encoding="UTF-8"?>
<!-- Generated by org.testng.reporters.JUnitReportReporter -->
<testsuite hostname="DESKTOP-PAEEKNG" failures="0" tests="1" name="Register.RegisterStudentTest" time="25.401" errors="0" timestamp="2020-11-01T12:13:00 TRT" skipped="0">
  <testcase classname="Register.RegisterStudentTest" name="succesStudentRegisterTest" time="25.401"/>
  <system-out/>
</testsuite> <!-- Register.RegisterStudentTest -->
