<?xml version="1.0" encoding="UTF-8"?>
<!-- Generated by org.testng.reporters.JUnitReportReporter -->
<testsuite hostname="DESKTOP-PAEEKNG" failures="0" tests="2" name="ResetPassword.ResetPasswordTest" time="1.001" errors="0" timestamp="2020-10-20T20:29:27 TRT" skipped="0">
  <testcase classname="ResetPassword.ResetPasswordTest" name="SuccesPhoneResetPasswordTest" time="0.565"/>
  <system-out/>
  <testcase classname="ResetPassword.ResetPasswordTest" name="SuccesEmailResetPasswordTest" time="0.436"/>
  <system-out/>
</testsuite> <!-- ResetPassword.ResetPasswordTest -->
