<?xml version="1.0" encoding="UTF-8"?>
<!-- Generated by org.testng.reporters.JUnitReportReporter -->
<testsuite hostname="DESKTOP-PAEEKNG" failures="0" tests="1" name="Register.RegisterStudentTest" time="15.988" errors="0" timestamp="2020-11-10T20:06:35 TRT" skipped="0">
  <testcase classname="Register.RegisterStudentTest" name="succesStudentRegisterTest" time="15.988"/>
  <system-out/>
</testsuite> <!-- Register.RegisterStudentTest -->
