<?xml version="1.0" encoding="UTF-8"?>
<!-- Generated by org.testng.reporters.JUnitReportReporter -->
<testsuite hostname="DESKTOP-PAEEKNG" failures="0" tests="2" name="Register.RegisterGraduatedTest" time="44.508" errors="0" timestamp="2020-11-01T12:13:00 TRT" skipped="0">
  <testcase classname="Register.RegisterGraduatedTest" name="succesGraduatedRegisterTest" time="23.220"/>
  <system-out/>
  <testcase classname="Register.RegisterGraduatedTest" name="succesGraduatedOtherCountryRegisterTest" time="21.288"/>
  <system-out/>
</testsuite> <!-- Register.RegisterGraduatedTest -->
