<?xml version="1.0" encoding="UTF-8"?>
<!-- Generated by org.testng.reporters.JUnitReportReporter -->
<testsuite hostname="DESKTOP-PAEEKNG" failures="0" tests="1" name="Login.LoginStudentTest" time="0.238" errors="0" timestamp="2020-10-15T19:53:39 TRT" skipped="0">
  <testcase classname="Login.LoginStudentTest" name="TestSuccesLogin" time="0.238"/>
  <system-out/>
</testsuite> <!-- Login.LoginStudentTest -->
