<?xml version="1.0" encoding="UTF-8"?>
<!-- Generated by org.testng.reporters.JUnitReportReporter -->
<testsuite hostname="DESKTOP-PAEEKNG" failures="0" tests="1" name="Experiences.Ability" time="1.557" errors="0" timestamp="2020-11-13T02:02:54 TRT" skipped="0">
  <testcase classname="Experiences.Ability" name="AbilityTest" time="1.557"/>
  <system-out/>
</testsuite> <!-- Experiences.Ability -->
