<?xml version="1.0" encoding="UTF-8"?>
<!-- Generated by org.testng.reporters.JUnitReportReporter -->
<testsuite hostname="DESKTOP-PAEEKNG" failures="0" tests="1" name="EdtiProfile.TestEditProfil" time="0.734" errors="0" timestamp="2020-10-15T19:53:07 TRT" skipped="0">
  <testcase classname="EdtiProfile.TestEditProfil" name="SuccesEditProfile" time="0.734"/>
  <system-out/>
</testsuite> <!-- EdtiProfile.TestEditProfil -->
