<?xml version="1.0" encoding="UTF-8"?>
<!-- Generated by org.testng.reporters.JUnitReportReporter -->
<testsuite hostname="DESKTOP-PAEEKNG" failures="0" tests="1" name="Login.LoginStudentPasswordTest" time="2.275" errors="0" timestamp="2020-11-10T18:48:49 TRT" skipped="0">
  <testcase classname="Login.LoginStudentPasswordTest" name="TestLoginSeePassword" time="2.275"/>
  <system-out/>
</testsuite> <!-- Login.LoginStudentPasswordTest -->
