<?xml version="1.0" encoding="UTF-8"?>
<!-- Generated by org.testng.reporters.JUnitReportReporter -->
<testsuite hostname="DESKTOP-PAEEKNG" failures="0" tests="1" name="EdtiProfile.EditProfilTest" time="13.351" errors="0" timestamp="2020-10-20T23:24:15 TRT" skipped="0">
  <testcase classname="EdtiProfile.EditProfilTest" name="TestSuccesEditProfile" time="13.351"/>
  <system-out/>
</testsuite> <!-- EdtiProfile.EditProfilTest -->
