<?xml version="1.0" encoding="UTF-8"?>
<!-- Generated by org.testng.reporters.JUnitReportReporter -->
<testsuite hostname="DESKTOP-PAEEKNG" failures="0" tests="1" name="EdtiProfile.EditProfilTest" time="35.310" errors="0" timestamp="2020-11-01T17:12:10 TRT" skipped="0">
  <testcase classname="EdtiProfile.EditProfilTest" name="TestSuccesEditProfileMale" time="35.310"/>
  <system-out/>
</testsuite> <!-- EdtiProfile.EditProfilTest -->
