<?xml version="1.0" encoding="UTF-8"?>
<!-- Generated by org.testng.reporters.JUnitReportReporter -->
<testsuite hostname="DESKTOP-PAEEKNG" failures="0" tests="1" name="Login.LoginStudentTest" time="0.347" errors="0" timestamp="2020-10-28T14:04:25 TRT" skipped="0">
  <testcase classname="Login.LoginStudentTest" name="TestSuccesLogin" time="0.347"/>
  <system-out/>
</testsuite> <!-- Login.LoginStudentTest -->
