<?xml version="1.0" encoding="UTF-8"?>
<!-- Generated by org.testng.reporters.JUnitReportReporter -->
<testsuite hostname="DESKTOP-PAEEKNG" failures="0" tests="1" name="EdtiProfile.EditProfilTest" time="44.536" errors="0" timestamp="2020-10-28T21:17:24 TRT" skipped="0">
  <testcase classname="EdtiProfile.EditProfilTest" name="TestSuccesEditProfile" time="44.536"/>
  <system-out/>
</testsuite> <!-- EdtiProfile.EditProfilTest -->
