<?xml version="1.0" encoding="UTF-8"?>
<!-- Generated by org.testng.reporters.JUnitReportReporter -->
<testsuite hostname="DESKTOP-PAEEKNG" failures="0" tests="2" name="Login.LoginStudentTest" time="0.708" errors="0" timestamp="2020-10-20T21:04:09 TRT" skipped="0">
  <testcase classname="Login.LoginStudentTest" name="TestSuccesLogin" time="0.371"/>
  <system-out/>
  <testcase classname="Login.LoginStudentTest" name="TestFailLogin" time="0.337"/>
  <system-out/>
</testsuite> <!-- Login.LoginStudentTest -->
